<?xml version="1.0" encoding="UTF-8"?>
<testsuites name="FlujoCompleto" time="94.403" tests="1" failures="0" errors="0">
   <testsuite name="FlujoCompleto" tests="1" failures="0" errors="0" time="94.403" timestamp="2019-12-19 11:53:17" hostname="Lgarciaa - P-Lgarciaa.intergrupo.com" id="Test Suites/Correspondencia/FlujoCompleto">
      <properties>
         <property name="deviceName" value=""/>
         <property name="devicePlatform" value=""/>
         <property name="logFolder" value="F:\\Proyectos\\CAF_FlujoCorrespondencia\\Reports\\20191219_115314\\Correspondencia\\FlujoCompleto\\20191219_115314"/>
         <property name="logFiles" value="F:\\Proyectos\\CAF_FlujoCorrespondencia\\Reports\\20191219_115314\\Correspondencia\\FlujoCompleto\\20191219_115314\\execution0.log"/>
         <property name="attachments" value=""/>
         <property name="hostName" value="Lgarciaa - P-Lgarciaa.intergrupo.com"/>
         <property name="os" value="Windows 10 64bit"/>
         <property name="katalonVersion" value="7.1.0.1"/>
         <property name="browser" value="Chrome 79.0.3945.88"/>
         <property name="hostAddress" value="10.60.6.13"/>
         <property name="sessionId" value="fc495f8caaa7cd90630e0c0fb90461d0"/>
         <property name="seleniumVersion" value="3.141.59"/>
         <property name="proxyInformation" value="ProxyInformation{proxyOption=NO_PROXY, proxyServerType=HTTP, password=, proxyServerAddress=, proxyServerPort=0}"/>
         <property name="platform" value="Windows 10"/>
      </properties>
      <testcase name="Test Cases/Ejecutivo_Responsable/CriterioTecnico" time="92.967" classname="Test Cases/Ejecutivo_Responsable/CriterioTecnico" status="PASSED">
         <system-out><![CDATA[2019-12-19 11:53:17 - [TEST_CASE][PASSED] - Test Cases/Ejecutivo_Responsable/CriterioTecnico: Test Cases/Ejecutivo_Responsable/CriterioTecnico

2019-12-19 11:53:17 - [TEST_STEP][PASSED] - callTestCase(findTestCase("Representante/InicioSesion_AccesoCorreo"), [:], STOP_ON_FAILURE): Call Test Case 'Test Cases/Representante/InicioSesion_AccesoCorreo' successfully

2019-12-19 11:53:17 - [TEST_CASE][PASSED] - Test Cases/Representante/InicioSesion_AccesoCorreo: Test Cases/Representante/InicioSesion_AccesoCorreo

2019-12-19 11:53:18 - [TEST_STEP][PASSED] - openBrowser(""): Browser is opened with url: ''

2019-12-19 11:53:18 - [MESSAGE][INFO] - Starting 'Chrome' driver

2019-12-19 11:53:18 - [MESSAGE][INFO] - Action delay is set to 0 seconds

2019-12-19 11:53:25 - [MESSAGE][PASSED] - Browser is opened with url: ''

2019-12-19 11:53:25 - [TEST_STEP][PASSED] - navigateToUrl("https://login.microsoftonline.com/common/oauth2/authorize?client_id=00000002-0000-0ff1-ce00-000000000000&redirect_uri=https%3a%2f%2foutlook.office365.com%2fowa%2f&resource=00000002-0000-0ff1-ce00-000000000000&response_mode=form_post&response_type=code+id_token&scope=openid&msafed=0&client-request-id=90e6bfa9-e6ec-46ab-82c3-1c848ab25309&protectedtoken=true&nonce=637105585405285449.f41578f0-f800-4006-b334-7ecc8f885085&state=DcsxEoAwCAVRouNxMD8GAh5HM9Jaen0p9nVbiGjNlqwgIRvdGlRdBXqkcu4hTc0DHA6wAIPv3oXtmdPDXeFa8t3q-131Bw"): Navigate to 'https://login.microsoftonline.com/common/oauth2/authorize?client_id=00000002-0000-0ff1-ce00-000000000000&redirect_uri=https%3a%2f%2foutlook.office365.com%2fowa%2f&resource=00000002-0000-0ff1-ce00-000000000000&response_mode=form_post&response_type=code+id_token&scope=openid&msafed=0&client-request-id=90e6bfa9-e6ec-46ab-82c3-1c848ab25309&protectedtoken=true&nonce=637105585405285449.f41578f0-f800-4006-b334-7ecc8f885085&state=DcsxEoAwCAVRouNxMD8GAh5HM9Jaen0p9nVbiGjNlqwgIRvdGlRdBXqkcu4hTc0DHA6wAIPv3oXtmdPDXeFa8t3q-131Bw' successfully

2019-12-19 11:53:26 - [MESSAGE][PASSED] - Navigate to 'https://login.microsoftonline.com/common/oauth2/authorize?client_id=00000002-0000-0ff1-ce00-000000000000&redirect_uri=https%3a%2f%2foutlook.office365.com%2fowa%2f&resource=00000002-0000-0ff1-ce00-000000000000&response_mode=form_post&response_type=code+id_token&scope=openid&msafed=0&client-request-id=90e6bfa9-e6ec-46ab-82c3-1c848ab25309&protectedtoken=true&nonce=637105585405285449.f41578f0-f800-4006-b334-7ecc8f885085&state=DcsxEoAwCAVRouNxMD8GAh5HM9Jaen0p9nVbiGjNlqwgIRvdGlRdBXqkcu4hTc0DHA6wAIPv3oXtmdPDXeFa8t3q-131Bw' successfully

2019-12-19 11:53:26 - [TEST_STEP][PASSED] - setText(findTestObject("Object Repository/Representante/input_to continue to Outlook_loginfmt"), "Lgarciaa@intergrupo.com"): Text 'Lgarciaa@intergrupo.com' is set on object 'Object Repository/Representante/input_to continue to Outlook_loginfmt'

2019-12-19 11:53:28 - [MESSAGE][PASSED] - Text 'Lgarciaa@intergrupo.com' is set on object 'Object Repository/Representante/input_to continue to Outlook_loginfmt'

2019-12-19 11:53:28 - [TEST_STEP][PASSED] - click(findTestObject("Object Repository/Representante/input_to continue to Outlook_idSIButton9")): Object: 'Object Repository/Representante/input_to continue to Outlook_idSIButton9' is clicked on

2019-12-19 11:53:28 - [MESSAGE][PASSED] - Object: 'Object Repository/Representante/input_to continue to Outlook_idSIButton9' is clicked on

2019-12-19 11:53:28 - [TEST_STEP][PASSED] - setEncryptedText(findTestObject("Object Repository/Representante/input_Enter password_passwd"), "ZOlv4XWAQZkh7wlYSNhOVA=="): Text ****** has been set on object 'Object Repository/Representante/input_Enter password_passwd'

2019-12-19 11:53:29 - [MESSAGE][PASSED] - Text ****** has been set on object 'Object Repository/Representante/input_Enter password_passwd'

2019-12-19 11:53:29 - [TEST_STEP][PASSED] - click(findTestObject("Object Repository/Representante/input_to continue to Outlook_idSIButton9")): Object: 'Object Repository/Representante/input_to continue to Outlook_idSIButton9' is clicked on

2019-12-19 11:53:30 - [MESSAGE][PASSED] - Object: 'Object Repository/Representante/input_to continue to Outlook_idSIButton9' is clicked on

2019-12-19 11:53:30 - [TEST_STEP][PASSED] - click(findTestObject("Object Repository/Representante/input_concat(Don  t show this again)_idBtn_Back")): Object: 'Object Repository/Representante/input_concat(Don  t show this again)_idBtn_Back' is clicked on

2019-12-19 11:53:40 - [MESSAGE][PASSED] - Object: 'Object Repository/Representante/input_concat(Don  t show this again)_idBtn_Back' is clicked on

2019-12-19 11:53:40 - [TEST_STEP][PASSED] - maximizeWindow(STOP_ON_FAILURE): Current window maximized

2019-12-19 11:53:44 - [MESSAGE][PASSED] - Current window maximized

2019-12-19 11:53:44 - [MESSAGE][INFO] - =================== Smart XPath Report =======================

2019-12-19 11:53:44 - [MESSAGE][INFO] - Refer to the link below to preview and approve auto healing on broken test objects.

2019-12-19 11:53:44 - [MESSAGE][INFO] - https://docs.katalon.com/katalon-studio/docs/auto-healing-smart-xpath.html

2019-12-19 11:53:44 - [MESSAGE][INFO] - ===============================================================

2019-12-19 11:53:44 - [MESSAGE][PASSED] - Call Test Case 'Test Cases/Representante/InicioSesion_AccesoCorreo' successfully

2019-12-19 11:53:44 - [TEST_STEP][PASSED] - click(findTestObject("CriterioTecnico/span_20191062 PRUEBA - APROBACIN CRITERIO TCNICO")): Object: 'Object Repository/CriterioTecnico/span_20191062 PRUEBA - APROBACIN CRITERIO TCNICO' is clicked on

2019-12-19 11:54:32 - [MESSAGE][INFO] - Unable to find the element located by 'By.xpath: //div[@id='AQAAAMjoylsBAAAA0EwIpwAAAAA=']/div/div/div/div[2]/div[2]/div/span'. Please recheck the objects properties to make sure the desired element is located. 

2019-12-19 11:54:32 - [MESSAGE][INFO] - [SMART_XPATH] Auto-trying out other XPath values in the test object.

2019-12-19 11:54:32 - [MESSAGE][INFO] - [SMART_XPATH] FAILED XPATH: '//div[@id='AQAAAMjoylsBAAAA0EwIpwAAAAA=']/div/div/div/div[2]/div[2]/div/span'.

2019-12-19 11:54:32 - [MESSAGE][INFO] - [SMART_XPATH] WORKING XPATH: '(.//*[normalize-space(text()) and normalize-space(.)='cafpruebassp@intergrupo.com'])[1]/following::span[5]'.

2019-12-19 11:54:33 - [MESSAGE][INFO] - [SMART_XPATH] Screenshot: F:/Proyectos/CAF_FlujoCorrespondencia/Reports/smart_xpath/Object Repository/CriterioTecnico/span_20191062 PRUEBA - APROBACIN CRITERIO TCNICO_neighbor_0.png

2019-12-19 11:54:33 - [MESSAGE][INFO] - [SMART_XPATH] WORKING XPATH: '(.//*[normalize-space(text()) and normalize-space(.)='C'])[1]/following::span[6]'.

2019-12-19 11:54:34 - [MESSAGE][INFO] - [SMART_XPATH] Screenshot: F:/Proyectos/CAF_FlujoCorrespondencia/Reports/smart_xpath/Object Repository/CriterioTecnico/span_20191062 PRUEBA - APROBACIN CRITERIO TCNICO_neighbor_1.png

2019-12-19 11:54:34 - [MESSAGE][INFO] - [SMART_XPATH] WORKING XPATH: '(.//*[normalize-space(text()) and normalize-space(.)='C'])[2]/preceding::span[3]'.

2019-12-19 11:54:35 - [MESSAGE][INFO] - [SMART_XPATH] Screenshot: F:/Proyectos/CAF_FlujoCorrespondencia/Reports/smart_xpath/Object Repository/CriterioTecnico/span_20191062 PRUEBA - APROBACIN CRITERIO TCNICO_neighbor_2.png

2019-12-19 11:54:36 - [MESSAGE][INFO] - [SMART_XPATH] WORKING XPATH: '(.//*[normalize-space(text()) and normalize-space(.)='cafpruebassp@intergrupo.com'])[2]/preceding::span[4]'.

2019-12-19 11:54:36 - [MESSAGE][INFO] - [SMART_XPATH] Screenshot: F:/Proyectos/CAF_FlujoCorrespondencia/Reports/smart_xpath/Object Repository/CriterioTecnico/span_20191062 PRUEBA - APROBACIN CRITERIO TCNICO_neighbor_3.png

2019-12-19 11:54:37 - [MESSAGE][INFO] - [SMART_XPATH] WORKING XPATH: '//*/text()[normalize-space(.)='[20191062] PRUEBA - APROBACIÓN CRITERIO TÉCNICO']/parent::*'.

2019-12-19 11:54:38 - [MESSAGE][INFO] - [SMART_XPATH] Screenshot: F:/Proyectos/CAF_FlujoCorrespondencia/Reports/smart_xpath/Object Repository/CriterioTecnico/span_20191062 PRUEBA - APROBACIN CRITERIO TCNICO_neighbor_4.png

2019-12-19 11:54:38 - [MESSAGE][INFO] - [SMART_XPATH] WORKING XPATH: '//div/div[2]/div/div/div/div/div/div[2]/div/div/div/div[2]/div[2]/div/span'.

2019-12-19 11:54:39 - [MESSAGE][INFO] - [SMART_XPATH] Screenshot: F:/Proyectos/CAF_FlujoCorrespondencia/Reports/smart_xpath/Object Repository/CriterioTecnico/span_20191062 PRUEBA - APROBACIN CRITERIO TCNICO_position.png

2019-12-19 11:54:39 - [MESSAGE][ERROR] - [SMART_XPATH] F:\Proyectos\CAF_FlujoCorrespondencia\Reports\smart_xpath\waiting-for-approval.json (The system cannot find the file specified)

2019-12-19 11:54:39 - [MESSAGE][ERROR] - [SMART_XPATH] F:/Proyectos/CAF_FlujoCorrespondencia/Reports/smart_xpath/waiting-for-approval.json does not exist or is provided by Smart XPath Plugin!

2019-12-19 11:54:39 - [MESSAGE][INFO] - [SMART_XPATH] Selected Smart XPath: '(.//*[normalize-space(text()) and normalize-space(.)='cafpruebassp@intergrupo.com'])[1]/following::span[5]'.

2019-12-19 11:54:39 - [MESSAGE][INFO] - [SMART_XPATH] Continuing executing the test case!

2019-12-19 11:54:39 - [MESSAGE][PASSED] - Object: 'Object Repository/CriterioTecnico/span_20191062 PRUEBA - APROBACIN CRITERIO TCNICO' is clicked on

2019-12-19 11:54:39 - [TEST_STEP][PASSED] - click(findTestObject("CriterioTecnico/a_CORRESPONDENCIA")): Object: 'Object Repository/CriterioTecnico/a_CORRESPONDENCIA' is clicked on

2019-12-19 11:54:41 - [MESSAGE][PASSED] - Object: 'Object Repository/CriterioTecnico/a_CORRESPONDENCIA' is clicked on

2019-12-19 11:54:41 - [TEST_STEP][PASSED] - switchToWindowTitle("Control Correspondencia - 20191062"): Switched to window with title: 'Control Correspondencia - 20191062'

2019-12-19 11:54:45 - [MESSAGE][PASSED] - Switched to window with title: 'Control Correspondencia - 20191062'

2019-12-19 11:54:45 - [TEST_STEP][PASSED] - click(findTestObject("CriterioTecnico/button_Completar tarea de aprobacin_Toggle25")): Object: 'Object Repository/CriterioTecnico/button_Completar tarea de aprobacin_Toggle25' is clicked on

2019-12-19 11:54:46 - [MESSAGE][PASSED] - Object: 'Object Repository/CriterioTecnico/button_Completar tarea de aprobacin_Toggle25' is clicked on

2019-12-19 11:54:46 - [TEST_STEP][PASSED] - click(findTestObject("CriterioTecnico/label_Aprobar")): Object: 'Object Repository/CriterioTecnico/label_Aprobar' is clicked on

2019-12-19 11:54:46 - [MESSAGE][PASSED] - Object: 'Object Repository/CriterioTecnico/label_Aprobar' is clicked on

2019-12-19 11:54:46 - [TEST_STEP][PASSED] - delay(3): Delayed 3 second(s)

2019-12-19 11:54:49 - [MESSAGE][PASSED] - Delayed 3 second(s)

2019-12-19 11:54:49 - [TEST_STEP][PASSED] - click(findTestObject("CriterioTecnico/div_Guardar")): Object: 'Object Repository/CriterioTecnico/div_Guardar' is clicked on

2019-12-19 11:54:50 - [MESSAGE][PASSED] - Object: 'Object Repository/CriterioTecnico/div_Guardar' is clicked on]]></system-out>
         <system-err><![CDATA[]]></system-err>
      </testcase>
      <system-out><![CDATA[2019-12-19 11:53:17 - [TEST_SUITE][PASSED] - FlujoCompleto: Test Cases/Ejecutivo_Responsable/CriterioTecnico]]></system-out>
      <system-err><![CDATA[]]></system-err>
   </testsuite>
</testsuites>
