<?xml version="1.0" encoding="UTF-8"?>
<testsuites name="FlujoCompleto" time="145.989" tests="1" failures="0" errors="0">
   <testsuite name="FlujoCompleto" tests="1" failures="0" errors="0" time="145.989" timestamp="2019-12-17 08:40:07" hostname="Lgarciaa - P-Lgarciaa.intergrupo.com" id="Test Suites/Correspondencia/FlujoCompleto">
      <properties>
         <property name="deviceName" value=""/>
         <property name="devicePlatform" value=""/>
         <property name="logFolder" value="F:\\Proyectos\\CAF_FlujoCorrespondencia\\Reports\\20191217_084004\\Correspondencia\\FlujoCompleto\\20191217_084004"/>
         <property name="logFiles" value="F:\\Proyectos\\CAF_FlujoCorrespondencia\\Reports\\20191217_084004\\Correspondencia\\FlujoCompleto\\20191217_084004\\execution0.log"/>
         <property name="attachments" value=""/>
         <property name="hostName" value="Lgarciaa - P-Lgarciaa.intergrupo.com"/>
         <property name="os" value="Windows 10 64bit"/>
         <property name="katalonVersion" value="7.1.0.1"/>
         <property name="browser" value="Chrome 79.0.3945.79"/>
         <property name="hostAddress" value="10.60.6.13"/>
         <property name="sessionId" value="de679e5c79585cee27babbf5242cf906"/>
         <property name="seleniumVersion" value="3.141.59"/>
         <property name="proxyInformation" value="ProxyInformation{proxyOption=NO_PROXY, proxyServerType=HTTP, password=, proxyServerAddress=, proxyServerPort=0}"/>
         <property name="platform" value="Windows 10"/>
      </properties>
      <testcase name="Test Cases/GestionAdministrativa/FinalizarCiclo" time="144.283" classname="Test Cases/GestionAdministrativa/FinalizarCiclo" status="PASSED">
         <system-out><![CDATA[2019-12-17 08:40:07 - [TEST_CASE][PASSED] - Test Cases/GestionAdministrativa/FinalizarCiclo: Test Cases/GestionAdministrativa/FinalizarCiclo

2019-12-17 08:40:08 - [TEST_STEP][PASSED] - callTestCase(findTestCase("Representante/InicioSesion_AccesoCorreo"), [:], STOP_ON_FAILURE): Call Test Case 'Test Cases/Representante/InicioSesion_AccesoCorreo' successfully

2019-12-17 08:40:08 - [TEST_CASE][PASSED] - Test Cases/Representante/InicioSesion_AccesoCorreo: Test Cases/Representante/InicioSesion_AccesoCorreo

2019-12-17 08:40:08 - [TEST_STEP][PASSED] - openBrowser(""): Browser is opened with url: ''

2019-12-17 08:40:08 - [MESSAGE][INFO] - Starting 'Chrome' driver

2019-12-17 08:40:08 - [MESSAGE][INFO] - Action delay is set to 0 seconds

2019-12-17 08:40:15 - [MESSAGE][PASSED] - Browser is opened with url: ''

2019-12-17 08:40:15 - [TEST_STEP][PASSED] - navigateToUrl("https://login.microsoftonline.com/common/oauth2/authorize?client_id=00000002-0000-0ff1-ce00-000000000000&redirect_uri=https%3a%2f%2foutlook.office365.com%2fowa%2f&resource=00000002-0000-0ff1-ce00-000000000000&response_mode=form_post&response_type=code+id_token&scope=openid&msafed=0&client-request-id=90e6bfa9-e6ec-46ab-82c3-1c848ab25309&protectedtoken=true&nonce=637105585405285449.f41578f0-f800-4006-b334-7ecc8f885085&state=DcsxEoAwCAVRouNxMD8GAh5HM9Jaen0p9nVbiGjNlqwgIRvdGlRdBXqkcu4hTc0DHA6wAIPv3oXtmdPDXeFa8t3q-131Bw"): Navigate to 'https://login.microsoftonline.com/common/oauth2/authorize?client_id=00000002-0000-0ff1-ce00-000000000000&redirect_uri=https%3a%2f%2foutlook.office365.com%2fowa%2f&resource=00000002-0000-0ff1-ce00-000000000000&response_mode=form_post&response_type=code+id_token&scope=openid&msafed=0&client-request-id=90e6bfa9-e6ec-46ab-82c3-1c848ab25309&protectedtoken=true&nonce=637105585405285449.f41578f0-f800-4006-b334-7ecc8f885085&state=DcsxEoAwCAVRouNxMD8GAh5HM9Jaen0p9nVbiGjNlqwgIRvdGlRdBXqkcu4hTc0DHA6wAIPv3oXtmdPDXeFa8t3q-131Bw' successfully

2019-12-17 08:40:17 - [MESSAGE][PASSED] - Navigate to 'https://login.microsoftonline.com/common/oauth2/authorize?client_id=00000002-0000-0ff1-ce00-000000000000&redirect_uri=https%3a%2f%2foutlook.office365.com%2fowa%2f&resource=00000002-0000-0ff1-ce00-000000000000&response_mode=form_post&response_type=code+id_token&scope=openid&msafed=0&client-request-id=90e6bfa9-e6ec-46ab-82c3-1c848ab25309&protectedtoken=true&nonce=637105585405285449.f41578f0-f800-4006-b334-7ecc8f885085&state=DcsxEoAwCAVRouNxMD8GAh5HM9Jaen0p9nVbiGjNlqwgIRvdGlRdBXqkcu4hTc0DHA6wAIPv3oXtmdPDXeFa8t3q-131Bw' successfully

2019-12-17 08:40:17 - [TEST_STEP][PASSED] - setText(findTestObject("Object Repository/Representante/input_to continue to Outlook_loginfmt"), "Lgarciaa@intergrupo.com"): Text 'Lgarciaa@intergrupo.com' is set on object 'Object Repository/Representante/input_to continue to Outlook_loginfmt'

2019-12-17 08:40:19 - [MESSAGE][PASSED] - Text 'Lgarciaa@intergrupo.com' is set on object 'Object Repository/Representante/input_to continue to Outlook_loginfmt'

2019-12-17 08:40:19 - [TEST_STEP][PASSED] - click(findTestObject("Object Repository/Representante/input_to continue to Outlook_idSIButton9")): Object: 'Object Repository/Representante/input_to continue to Outlook_idSIButton9' is clicked on

2019-12-17 08:40:19 - [MESSAGE][PASSED] - Object: 'Object Repository/Representante/input_to continue to Outlook_idSIButton9' is clicked on

2019-12-17 08:40:19 - [TEST_STEP][PASSED] - setEncryptedText(findTestObject("Object Repository/Representante/input_Enter password_passwd"), "ZOlv4XWAQZkh7wlYSNhOVA=="): Text ****** has been set on object 'Object Repository/Representante/input_Enter password_passwd'

2019-12-17 08:40:20 - [MESSAGE][PASSED] - Text ****** has been set on object 'Object Repository/Representante/input_Enter password_passwd'

2019-12-17 08:40:20 - [TEST_STEP][PASSED] - click(findTestObject("Object Repository/Representante/input_to continue to Outlook_idSIButton9")): Object: 'Object Repository/Representante/input_to continue to Outlook_idSIButton9' is clicked on

2019-12-17 08:40:22 - [MESSAGE][PASSED] - Object: 'Object Repository/Representante/input_to continue to Outlook_idSIButton9' is clicked on

2019-12-17 08:40:22 - [TEST_STEP][PASSED] - click(findTestObject("Object Repository/Representante/input_concat(Don  t show this again)_idBtn_Back")): Object: 'Object Repository/Representante/input_concat(Don  t show this again)_idBtn_Back' is clicked on

2019-12-17 08:40:33 - [MESSAGE][PASSED] - Object: 'Object Repository/Representante/input_concat(Don  t show this again)_idBtn_Back' is clicked on

2019-12-17 08:40:33 - [TEST_STEP][PASSED] - maximizeWindow(STOP_ON_FAILURE): Current window maximized

2019-12-17 08:40:37 - [MESSAGE][PASSED] - Current window maximized

2019-12-17 08:40:37 - [MESSAGE][INFO] - =================== Smart XPath Report =======================

2019-12-17 08:40:37 - [MESSAGE][INFO] - Refer to the link below to preview and approve auto healing on broken test objects.

2019-12-17 08:40:37 - [MESSAGE][INFO] - https://docs.katalon.com/katalon-studio/docs/auto-healing-smart-xpath.html

2019-12-17 08:40:37 - [MESSAGE][INFO] - ===============================================================

2019-12-17 08:40:37 - [MESSAGE][PASSED] - Call Test Case 'Test Cases/Representante/InicioSesion_AccesoCorreo' successfully

2019-12-17 08:40:37 - [TEST_STEP][PASSED] - click(findTestObject("Gestion Administrativa/span_20191061 PRUEBA - APROBACIN GESTIN ADMINISTRATIVA")): Object: 'Object Repository/Gestion Administrativa/span_20191061 PRUEBA - APROBACIN GESTIN ADMINISTRATIVA' is clicked on

2019-12-17 08:41:24 - [MESSAGE][INFO] - Unable to find the element located by 'By.xpath: //div[@id='AQAAAMjoylsBAAAAyVgUIQAAAAA=']/div/div/div/div[2]/div[2]/div/span'. Please recheck the objects properties to make sure the desired element is located. 

2019-12-17 08:41:24 - [MESSAGE][INFO] - [SMART_XPATH] Auto-trying out other XPath values in the test object.

2019-12-17 08:41:25 - [MESSAGE][INFO] - [SMART_XPATH] FAILED XPATH: '//div[@id='AQAAAMjoylsBAAAAyVgUIQAAAAA=']/div/div/div/div[2]/div[2]/div/span'.

2019-12-17 08:41:25 - [MESSAGE][INFO] - [SMART_XPATH] WORKING XPATH: '(.//*[normalize-space(text()) and normalize-space(.)='cafpruebassp@intergrupo.com'])[1]/following::span[5]'.

2019-12-17 08:41:25 - [MESSAGE][INFO] - [SMART_XPATH] Screenshot: F:/Proyectos/CAF_FlujoCorrespondencia/Reports/smart_xpath/Object Repository/Gestion Administrativa/span_20191061 PRUEBA - APROBACIN GESTIN ADMINISTRATIVA_neighbor_0.png

2019-12-17 08:41:26 - [MESSAGE][INFO] - [SMART_XPATH] WORKING XPATH: '(.//*[normalize-space(text()) and normalize-space(.)='C'])[1]/following::span[6]'.

2019-12-17 08:41:26 - [MESSAGE][INFO] - [SMART_XPATH] Screenshot: F:/Proyectos/CAF_FlujoCorrespondencia/Reports/smart_xpath/Object Repository/Gestion Administrativa/span_20191061 PRUEBA - APROBACIN GESTIN ADMINISTRATIVA_neighbor_1.png

2019-12-17 08:41:26 - [MESSAGE][INFO] - [SMART_XPATH] WORKING XPATH: '(.//*[normalize-space(text()) and normalize-space(.)='C'])[2]/preceding::span[3]'.

2019-12-17 08:41:27 - [MESSAGE][INFO] - [SMART_XPATH] Screenshot: F:/Proyectos/CAF_FlujoCorrespondencia/Reports/smart_xpath/Object Repository/Gestion Administrativa/span_20191061 PRUEBA - APROBACIN GESTIN ADMINISTRATIVA_neighbor_2.png

2019-12-17 08:41:27 - [MESSAGE][INFO] - [SMART_XPATH] WORKING XPATH: '(.//*[normalize-space(text()) and normalize-space(.)='cafpruebassp@intergrupo.com'])[2]/preceding::span[4]'.

2019-12-17 08:41:27 - [MESSAGE][INFO] - [SMART_XPATH] Screenshot: F:/Proyectos/CAF_FlujoCorrespondencia/Reports/smart_xpath/Object Repository/Gestion Administrativa/span_20191061 PRUEBA - APROBACIN GESTIN ADMINISTRATIVA_neighbor_3.png

2019-12-17 08:41:27 - [MESSAGE][INFO] - [SMART_XPATH] WORKING XPATH: '//*/text()[normalize-space(.)='[20191061] PRUEBA - APROBACIÓN GESTIÓN ADMINISTRATIVA']/parent::*'.

2019-12-17 08:41:28 - [MESSAGE][INFO] - [SMART_XPATH] Screenshot: F:/Proyectos/CAF_FlujoCorrespondencia/Reports/smart_xpath/Object Repository/Gestion Administrativa/span_20191061 PRUEBA - APROBACIN GESTIN ADMINISTRATIVA_neighbor_4.png

2019-12-17 08:41:29 - [MESSAGE][INFO] - [SMART_XPATH] WORKING XPATH: '//div/div[2]/div/div/div/div/div/div[2]/div/div/div/div[2]/div[2]/div/span'.

2019-12-17 08:41:29 - [MESSAGE][INFO] - [SMART_XPATH] Screenshot: F:/Proyectos/CAF_FlujoCorrespondencia/Reports/smart_xpath/Object Repository/Gestion Administrativa/span_20191061 PRUEBA - APROBACIN GESTIN ADMINISTRATIVA_position.png

2019-12-17 08:41:29 - [MESSAGE][ERROR] - [SMART_XPATH] F:\Proyectos\CAF_FlujoCorrespondencia\Reports\smart_xpath\waiting-for-approval.json (The system cannot find the file specified)

2019-12-17 08:41:29 - [MESSAGE][ERROR] - [SMART_XPATH] F:/Proyectos/CAF_FlujoCorrespondencia/Reports/smart_xpath/waiting-for-approval.json does not exist or is provided by Smart XPath Plugin!

2019-12-17 08:41:29 - [MESSAGE][INFO] - [SMART_XPATH] Selected Smart XPath: '(.//*[normalize-space(text()) and normalize-space(.)='cafpruebassp@intergrupo.com'])[1]/following::span[5]'.

2019-12-17 08:41:29 - [MESSAGE][INFO] - [SMART_XPATH] Continuing executing the test case!

2019-12-17 08:41:29 - [MESSAGE][PASSED] - Object: 'Object Repository/Gestion Administrativa/span_20191061 PRUEBA - APROBACIN GESTIN ADMINISTRATIVA' is clicked on

2019-12-17 08:41:29 - [TEST_STEP][PASSED] - click(findTestObject("Object Repository/Gestion Administrativa/a_CORRESPONDENCIA")): Object: 'Object Repository/Gestion Administrativa/a_CORRESPONDENCIA' is clicked on

2019-12-17 08:41:33 - [MESSAGE][PASSED] - Object: 'Object Repository/Gestion Administrativa/a_CORRESPONDENCIA' is clicked on

2019-12-17 08:41:33 - [TEST_STEP][PASSED] - switchToWindowTitle("Control Correspondencia - 20191061"): Switched to window with title: 'Control Correspondencia - 20191061'

2019-12-17 08:41:37 - [MESSAGE][PASSED] - Switched to window with title: 'Control Correspondencia - 20191061'

2019-12-17 08:41:37 - [TEST_STEP][PASSED] - click(findTestObject("Object Repository/Gestion Administrativa/i_")): Object: 'Object Repository/Gestion Administrativa/i_' is clicked on

2019-12-17 08:41:38 - [MESSAGE][PASSED] - Object: 'Object Repository/Gestion Administrativa/i_' is clicked on

2019-12-17 08:41:38 - [TEST_STEP][PASSED] - setText(findTestObject("Object Repository/Gestion Administrativa/input_Trmite Interno_tramiteInterno-input"), "ARCHIVO"): Text 'ARCHIVO' is set on object 'Object Repository/Gestion Administrativa/input_Trmite Interno_tramiteInterno-input'

2019-12-17 08:41:38 - [MESSAGE][PASSED] - Text 'ARCHIVO' is set on object 'Object Repository/Gestion Administrativa/input_Trmite Interno_tramiteInterno-input'

2019-12-17 08:41:38 - [TEST_STEP][PASSED] - setText(findTestObject("Object Repository/Gestion Administrativa/input_Archivado en_archivadoEn-input"), "BANCOS"): Text 'BANCOS' is set on object 'Object Repository/Gestion Administrativa/input_Archivado en_archivadoEn-input'

2019-12-17 08:41:39 - [MESSAGE][PASSED] - Text 'BANCOS' is set on object 'Object Repository/Gestion Administrativa/input_Archivado en_archivadoEn-input'

2019-12-17 08:41:39 - [TEST_STEP][PASSED] - setText(findTestObject("Object Repository/Gestion Administrativa/div_finalizar"), "Finalizar"): Text 'Finalizar' is set on object 'Object Repository/Gestion Administrativa/div_finalizar'

2019-12-17 08:41:40 - [MESSAGE][PASSED] - Text 'Finalizar' is set on object 'Object Repository/Gestion Administrativa/div_finalizar'

2019-12-17 08:41:40 - [TEST_STEP][PASSED] - click(findTestObject("Object Repository/Gestion Administrativa/button_Completar tarea de aprobacin_Toggle31")): Object: 'Object Repository/Gestion Administrativa/button_Completar tarea de aprobacin_Toggle31' is clicked on

2019-12-17 08:42:26 - [MESSAGE][INFO] - Unable to find the element located by 'By.xpath: //button[@id='Toggle31']'. Please recheck the objects properties to make sure the desired element is located. 

2019-12-17 08:42:26 - [MESSAGE][INFO] - [SMART_XPATH] Auto-trying out other XPath values in the test object.

2019-12-17 08:42:26 - [MESSAGE][INFO] - [SMART_XPATH] FAILED XPATH: '//button[@id='Toggle31']'.

2019-12-17 08:42:27 - [MESSAGE][INFO] - [SMART_XPATH] WORKING XPATH: '//div[@id='correspondencia-edicion-cewp-container']/div/div/div[31]/div[2]/div/button'.

2019-12-17 08:42:27 - [MESSAGE][INFO] - [SMART_XPATH] Screenshot: F:/Proyectos/CAF_FlujoCorrespondencia/Reports/smart_xpath/Object Repository/Gestion Administrativa/button_Completar tarea de aprobacin_Toggle31_idRelative.png

2019-12-17 08:42:27 - [MESSAGE][INFO] - [SMART_XPATH] WORKING XPATH: '(.//*[normalize-space(text()) and normalize-space(.)='Completar tarea de aprobación'])[1]/following::button[1]'.

2019-12-17 08:42:28 - [MESSAGE][INFO] - [SMART_XPATH] Screenshot: F:/Proyectos/CAF_FlujoCorrespondencia/Reports/smart_xpath/Object Repository/Gestion Administrativa/button_Completar tarea de aprobacin_Toggle31_neighbor_1.png

2019-12-17 08:42:28 - [MESSAGE][INFO] - [SMART_XPATH] WORKING XPATH: '(.//*[normalize-space(text()) and normalize-space(.)='VER BITÁCORA'])[1]/following::button[1]'.

2019-12-17 08:42:28 - [MESSAGE][INFO] - [SMART_XPATH] Screenshot: F:/Proyectos/CAF_FlujoCorrespondencia/Reports/smart_xpath/Object Repository/Gestion Administrativa/button_Completar tarea de aprobacin_Toggle31_neighbor_2.png

2019-12-17 08:42:29 - [MESSAGE][INFO] - [SMART_XPATH] WORKING XPATH: '(.//*[normalize-space(text()) and normalize-space(.)='No'])[1]/preceding::button[1]'.

2019-12-17 08:42:29 - [MESSAGE][INFO] - [SMART_XPATH] Screenshot: F:/Proyectos/CAF_FlujoCorrespondencia/Reports/smart_xpath/Object Repository/Gestion Administrativa/button_Completar tarea de aprobacin_Toggle31_neighbor_3.png

2019-12-17 08:42:29 - [MESSAGE][INFO] - [SMART_XPATH] WORKING XPATH: '(.//*[normalize-space(text()) and normalize-space(.)='Guardar'])[1]/preceding::button[1]'.

2019-12-17 08:42:30 - [MESSAGE][INFO] - [SMART_XPATH] Screenshot: F:/Proyectos/CAF_FlujoCorrespondencia/Reports/smart_xpath/Object Repository/Gestion Administrativa/button_Completar tarea de aprobacin_Toggle31_neighbor_4.png

2019-12-17 08:42:30 - [MESSAGE][INFO] - [SMART_XPATH] WORKING XPATH: '//div[2]/div/button'.

2019-12-17 08:42:30 - [MESSAGE][INFO] - [SMART_XPATH] Screenshot: F:/Proyectos/CAF_FlujoCorrespondencia/Reports/smart_xpath/Object Repository/Gestion Administrativa/button_Completar tarea de aprobacin_Toggle31_position.png

2019-12-17 08:42:30 - [MESSAGE][ERROR] - [SMART_XPATH] F:\Proyectos\CAF_FlujoCorrespondencia\Reports\smart_xpath\waiting-for-approval.json (The system cannot find the file specified)

2019-12-17 08:42:30 - [MESSAGE][ERROR] - [SMART_XPATH] F:/Proyectos/CAF_FlujoCorrespondencia/Reports/smart_xpath/waiting-for-approval.json does not exist or is provided by Smart XPath Plugin!

2019-12-17 08:42:30 - [MESSAGE][INFO] - [SMART_XPATH] Selected Smart XPath: '//div[@id='correspondencia-edicion-cewp-container']/div/div/div[31]/div[2]/div/button'.

2019-12-17 08:42:30 - [MESSAGE][INFO] - [SMART_XPATH] Continuing executing the test case!

2019-12-17 08:42:31 - [MESSAGE][PASSED] - Object: 'Object Repository/Gestion Administrativa/button_Completar tarea de aprobacin_Toggle31' is clicked on

2019-12-17 08:42:31 - [TEST_STEP][PASSED] - click(findTestObject("Object Repository/Gestion Administrativa/label_Aprobar")): Object: 'Object Repository/Gestion Administrativa/label_Aprobar' is clicked on

2019-12-17 08:42:31 - [MESSAGE][PASSED] - Object: 'Object Repository/Gestion Administrativa/label_Aprobar' is clicked on

2019-12-17 08:42:31 - [TEST_STEP][PASSED] - click(findTestObject("Gestion Administrativa/div_Guardar")): Object: 'Object Repository/Gestion Administrativa/div_Guardar' is clicked on

2019-12-17 08:42:32 - [MESSAGE][PASSED] - Object: 'Object Repository/Gestion Administrativa/div_Guardar' is clicked on]]></system-out>
         <system-err><![CDATA[]]></system-err>
      </testcase>
      <system-out><![CDATA[2019-12-17 08:40:07 - [TEST_SUITE][PASSED] - FlujoCompleto: Test Cases/GestionAdministrativa/FinalizarCiclo]]></system-out>
      <system-err><![CDATA[]]></system-err>
   </testsuite>
</testsuites>
