<?xml version="1.0" encoding="UTF-8"?>
<testsuites name="FlujoCompleto" time="76.111" tests="2" failures="0" errors="0">
   <testsuite name="FlujoCompleto" tests="2" failures="0" errors="0" time="76.111" timestamp="2020-02-06 14:32:10" hostname="Lgarciaa - P-Lgarciaa.intergrupo.com" id="Test Suites/Correspondencia/FlujoCompleto">
      <properties>
         <property name="deviceName" value=""/>
         <property name="devicePlatform" value=""/>
         <property name="logFolder" value="F:\\Proyectos\\CAF_FlujoCorrespondencia\\Reports\\20200206_143104\\Correspondencia\\FlujoCompleto\\20200206_143104"/>
         <property name="logFiles" value="F:\\Proyectos\\CAF_FlujoCorrespondencia\\Reports\\20200206_143104\\Correspondencia\\FlujoCompleto\\20200206_143104\\execution0.log"/>
         <property name="attachments" value=""/>
         <property name="hostName" value="Lgarciaa - P-Lgarciaa.intergrupo.com"/>
         <property name="os" value="Windows 10 64bit"/>
         <property name="katalonVersion" value="7.1.0.1"/>
         <property name="browser" value="Chrome 79.0.3945.130"/>
         <property name="hostAddress" value="10.60.6.13"/>
         <property name="sessionId" value="1f854d0bd7d9634986dae61c8d1e36bb"/>
         <property name="seleniumVersion" value="3.141.59"/>
         <property name="proxyInformation" value="ProxyInformation{proxyOption=NO_PROXY, proxyServerType=HTTP, password=, proxyServerAddress=, proxyServerPort=-1}"/>
         <property name="platform" value="Windows 10"/>
      </properties>
      <testcase name="Test Cases/Recepcion/Crear_Flujo" time="34.32" classname="Test Cases/Recepcion/Crear_Flujo" status="PASSED">
         <system-out><![CDATA[2020-02-06 14:32:10 - [TEST_CASE][PASSED] - Test Cases/Recepcion/Crear_Flujo: Test Cases/Recepcion/Crear_Flujo

2020-02-06 14:32:10 - [TEST_STEP][PASSED] - callTestCase(findTestCase("IniciarSesion_AplicacionCAF/IngresarPaginaPrincipal_CAF"), [:], STOP_ON_FAILURE): Call Test Case 'Test Cases/IniciarSesion_AplicacionCAF/IngresarPaginaPrincipal_CAF' successfully

2020-02-06 14:32:10 - [TEST_CASE][PASSED] - Test Cases/IniciarSesion_AplicacionCAF/IngresarPaginaPrincipal_CAF: Test Cases/IniciarSesion_AplicacionCAF/IngresarPaginaPrincipal_CAF

2020-02-06 14:32:11 - [TEST_STEP][PASSED] - openBrowser(""): Browser is opened with url: ''

2020-02-06 14:32:11 - [MESSAGE][INFO] - Starting 'Chrome' driver

2020-02-06 14:32:11 - [MESSAGE][INFO] - Action delay is set to 0 seconds

2020-02-06 14:32:19 - [MESSAGE][PASSED] - Browser is opened with url: ''

2020-02-06 14:32:19 - [TEST_STEP][PASSED] - maximizeWindow(): Current window maximized

2020-02-06 14:32:24 - [MESSAGE][PASSED] - Current window maximized

2020-02-06 14:32:24 - [TEST_STEP][PASSED] - navigateToUrl("http://smdepbwsp02v:8004/sites/correspondencia/oecu/Lists/CSL_Correspondencia/AllItems.aspx"): Navigate to 'http://smdepbwsp02v:8004/sites/correspondencia/oecu/Lists/CSL_Correspondencia/AllItems.aspx' successfully

2020-02-06 14:32:26 - [MESSAGE][PASSED] - Navigate to 'http://smdepbwsp02v:8004/sites/correspondencia/oecu/Lists/CSL_Correspondencia/AllItems.aspx' successfully

2020-02-06 14:32:26 - [MESSAGE][PASSED] - Call Test Case 'Test Cases/IniciarSesion_AplicacionCAF/IngresarPaginaPrincipal_CAF' successfully

2020-02-06 14:32:26 - [TEST_STEP][PASSED] - click(findTestObject("Recepcion/Crear Flujo/span_nuevo elemento")): Object: 'Object Repository/Recepcion/Crear Flujo/span_nuevo elemento' is clicked on

2020-02-06 14:32:28 - [MESSAGE][PASSED] - Object: 'Object Repository/Recepcion/Crear Flujo/span_nuevo elemento' is clicked on

2020-02-06 14:32:28 - [TEST_STEP][PASSED] - click(findTestObject("Object Repository/Recepcion/Crear Flujo/input_Procedencia_procedencia-input")): Object: 'Object Repository/Recepcion/Crear Flujo/input_Procedencia_procedencia-input' is clicked on

2020-02-06 14:32:29 - [MESSAGE][PASSED] - Object: 'Object Repository/Recepcion/Crear Flujo/input_Procedencia_procedencia-input' is clicked on

2020-02-06 14:32:29 - [TEST_STEP][PASSED] - setText(findTestObject("Object Repository/Recepcion/Crear Flujo/input_Procedencia_procedencia-input"), "ECUADOR"): Text 'ECUADOR' is set on object 'Object Repository/Recepcion/Crear Flujo/input_Procedencia_procedencia-input'

2020-02-06 14:32:30 - [MESSAGE][PASSED] - Text 'ECUADOR' is set on object 'Object Repository/Recepcion/Crear Flujo/input_Procedencia_procedencia-input'

2020-02-06 14:32:30 - [TEST_STEP][PASSED] - setText(findTestObject("Object Repository/Recepcion/Crear Flujo/input_Tipo Documento_tipoDocumento-input"), "ORIGINAL"): Text 'ORIGINAL' is set on object 'Object Repository/Recepcion/Crear Flujo/input_Tipo Documento_tipoDocumento-input'

2020-02-06 14:32:30 - [MESSAGE][PASSED] - Text 'ORIGINAL' is set on object 'Object Repository/Recepcion/Crear Flujo/input_Tipo Documento_tipoDocumento-input'

2020-02-06 14:32:30 - [TEST_STEP][PASSED] - click(findTestObject("Object Repository/Recepcion/Crear Flujo/i_")): Object: 'Object Repository/Recepcion/Crear Flujo/i_' is clicked on

2020-02-06 14:32:31 - [MESSAGE][PASSED] - Object: 'Object Repository/Recepcion/Crear Flujo/i_' is clicked on

2020-02-06 14:32:31 - [TEST_STEP][PASSED] - click(findTestObject("Recepcion/Crear Flujo/span_20")): Object: 'Object Repository/Recepcion/Crear Flujo/span_20' is clicked on

2020-02-06 14:32:31 - [MESSAGE][PASSED] - Object: 'Object Repository/Recepcion/Crear Flujo/span_20' is clicked on

2020-02-06 14:32:31 - [TEST_STEP][PASSED] - setText(findTestObject("Recepcion/Crear Flujo/input_Nmero Oficio_numeroOficio"), "12"): Text '12' is set on object 'Object Repository/Recepcion/Crear Flujo/input_Nmero Oficio_numeroOficio'

2020-02-06 14:32:32 - [MESSAGE][PASSED] - Text '12' is set on object 'Object Repository/Recepcion/Crear Flujo/input_Nmero Oficio_numeroOficio'

2020-02-06 14:32:32 - [TEST_STEP][PASSED] - setText(findTestObject("Object Repository/Recepcion/Crear Flujo/input_Relacionado Con_relacionadoCon-input"), "CFA"): Text 'CFA' is set on object 'Object Repository/Recepcion/Crear Flujo/input_Relacionado Con_relacionadoCon-input'

2020-02-06 14:32:32 - [MESSAGE][PASSED] - Text 'CFA' is set on object 'Object Repository/Recepcion/Crear Flujo/input_Relacionado Con_relacionadoCon-input'

2020-02-06 14:32:32 - [TEST_STEP][PASSED] - setText(findTestObject("Object Repository/Recepcion/Crear Flujo/input_Nombre de Crdito_nombreCredito"), "PRUEBA"): Text 'PRUEBA' is set on object 'Object Repository/Recepcion/Crear Flujo/input_Nombre de Crdito_nombreCredito'

2020-02-06 14:32:33 - [MESSAGE][PASSED] - Text 'PRUEBA' is set on object 'Object Repository/Recepcion/Crear Flujo/input_Nombre de Crdito_nombreCredito'

2020-02-06 14:32:33 - [TEST_STEP][PASSED] - click(findTestObject("Recepcion/Crear Flujo/span_BANCO DE LA REPUBLICA")): Object: 'Object Repository/Recepcion/Crear Flujo/span_BANCO DE LA REPUBLICA' is clicked on

2020-02-06 14:32:33 - [MESSAGE][PASSED] - Object: 'Object Repository/Recepcion/Crear Flujo/span_BANCO DE LA REPUBLICA' is clicked on

2020-02-06 14:32:33 - [TEST_STEP][PASSED] - click(findTestObject("Recepcion/Crear Flujo/input_Cargo del Remitente (1)_cargoRemitenteA")): Object: 'Object Repository/Recepcion/Crear Flujo/input_Cargo del Remitente (1)_cargoRemitenteA' is clicked on

2020-02-06 14:32:34 - [MESSAGE][PASSED] - Object: 'Object Repository/Recepcion/Crear Flujo/input_Cargo del Remitente (1)_cargoRemitenteA' is clicked on

2020-02-06 14:32:34 - [TEST_STEP][PASSED] - setText(findTestObject("Recepcion/Crear Flujo/input_Nombre del Remitente (1)_nombreRemitenteA"), "Andres"): Text 'Andres' is set on object 'Object Repository/Recepcion/Crear Flujo/input_Nombre del Remitente (1)_nombreRemitenteA'

2020-02-06 14:32:34 - [MESSAGE][PASSED] - Text 'Andres' is set on object 'Object Repository/Recepcion/Crear Flujo/input_Nombre del Remitente (1)_nombreRemitenteA'

2020-02-06 14:32:34 - [TEST_STEP][PASSED] - setText(findTestObject("Recepcion/Crear Flujo/input_Cargo del Remitente (1)_cargoRemitenteA"), "DIRECTOR"): Text 'DIRECTOR' is set on object 'Object Repository/Recepcion/Crear Flujo/input_Cargo del Remitente (1)_cargoRemitenteA'

2020-02-06 14:32:35 - [MESSAGE][PASSED] - Text 'DIRECTOR' is set on object 'Object Repository/Recepcion/Crear Flujo/input_Cargo del Remitente (1)_cargoRemitenteA'

2020-02-06 14:32:35 - [TEST_STEP][PASSED] - setText(findTestObject("Recepcion/Crear Flujo/input_Nombre del Remitente (2)_nombreRemitenteB"), "DG"): Text 'DG' is set on object 'Object Repository/Recepcion/Crear Flujo/input_Nombre del Remitente (2)_nombreRemitenteB'

2020-02-06 14:32:36 - [MESSAGE][PASSED] - Text 'DG' is set on object 'Object Repository/Recepcion/Crear Flujo/input_Nombre del Remitente (2)_nombreRemitenteB'

2020-02-06 14:32:36 - [TEST_STEP][PASSED] - setText(findTestObject("Object Repository/Recepcion/Crear Flujo/input_Cargo del Remitente (2)_cargoRemitenteB"), "HOLA"): Text 'HOLA' is set on object 'Object Repository/Recepcion/Crear Flujo/input_Cargo del Remitente (2)_cargoRemitenteB'

2020-02-06 14:32:36 - [MESSAGE][PASSED] - Text 'HOLA' is set on object 'Object Repository/Recepcion/Crear Flujo/input_Cargo del Remitente (2)_cargoRemitenteB'

2020-02-06 14:32:36 - [TEST_STEP][PASSED] - setText(findTestObject("Recepcion/Crear Flujo/input_Dirigido a_ms-BasePicker-input input-144"), "Laura Vanessa García Agudelo"): Text 'Laura Vanessa García Agudelo' is set on object 'Object Repository/Recepcion/Crear Flujo/input_Dirigido a_ms-BasePicker-input input-144'

2020-02-06 14:32:37 - [MESSAGE][PASSED] - Text 'Laura Vanessa García Agudelo' is set on object 'Object Repository/Recepcion/Crear Flujo/input_Dirigido a_ms-BasePicker-input input-144'

2020-02-06 14:32:37 - [TEST_STEP][PASSED] - sendKeys(findTestObject("Recepcion/Crear Flujo/input_Dirigido a_ms-BasePicker-input input-144_1"), Keys.chord(ENTER)): Keys 'ENTER + ' sent to object: 'Object Repository/Recepcion/Crear Flujo/input_Dirigido a_ms-BasePicker-input input-144_1'

2020-02-06 14:32:37 - [MESSAGE][PASSED] - Keys 'ENTER + ' sent to object: 'Object Repository/Recepcion/Crear Flujo/input_Dirigido a_ms-BasePicker-input input-144_1'

2020-02-06 14:32:37 - [TEST_STEP][PASSED] - setText(findTestObject("Recepcion/textarea_Asunto 1_asuntoA"), "verificar campos"): Text 'verificar campos' is set on object 'Object Repository/Recepcion/textarea_Asunto 1_asuntoA'

2020-02-06 14:32:38 - [MESSAGE][PASSED] - Text 'verificar campos' is set on object 'Object Repository/Recepcion/textarea_Asunto 1_asuntoA'

2020-02-06 14:32:38 - [TEST_STEP][PASSED] - setText(findTestObject("Recepcion/Crear Flujo/input_Adjuntos_adjuntos-input"), "FACTURAS"): Text 'FACTURAS' is set on object 'Object Repository/Recepcion/Crear Flujo/input_Adjuntos_adjuntos-input'

2020-02-06 14:32:39 - [MESSAGE][PASSED] - Text 'FACTURAS' is set on object 'Object Repository/Recepcion/Crear Flujo/input_Adjuntos_adjuntos-input'

2020-02-06 14:32:39 - [TEST_STEP][PASSED] - delay(5): Delayed 5 second(s)

2020-02-06 14:32:44 - [MESSAGE][PASSED] - Delayed 5 second(s)

2020-02-06 14:32:44 - [TEST_STEP][PASSED] - click(findTestObject("Recepcion/Crear Flujo/div_Guardar")): Object: 'Object Repository/Recepcion/Crear Flujo/div_Guardar' is clicked on

2020-02-06 14:32:44 - [MESSAGE][PASSED] - Object: 'Object Repository/Recepcion/Crear Flujo/div_Guardar' is clicked on]]></system-out>
         <system-err><![CDATA[]]></system-err>
      </testcase>
      <testcase name="Test Cases/Representante/ControlCorrespondencia" time="41.008" classname="Test Cases/Representante/ControlCorrespondencia" status="PASSED">
         <system-out><![CDATA[2020-02-06 14:32:44 - [TEST_CASE][PASSED] - Test Cases/Representante/ControlCorrespondencia: Test Cases/Representante/ControlCorrespondencia

2020-02-06 14:32:44 - [TEST_STEP][PASSED] - callTestCase(findTestCase("Representante/SeleccionarCorreo_Integrado"), [:], STOP_ON_FAILURE): Call Test Case 'Test Cases/Representante/SeleccionarCorreo_Integrado' successfully

2020-02-06 14:32:44 - [TEST_CASE][PASSED] - Test Cases/Representante/SeleccionarCorreo_Integrado: Test Cases/Representante/SeleccionarCorreo_Integrado

2020-02-06 14:32:44 - [TEST_STEP][PASSED] - callTestCase(findTestCase("Representante/InicioSesion_AccesoCorreo"), [:], STOP_ON_FAILURE): Call Test Case 'Test Cases/Representante/InicioSesion_AccesoCorreo' successfully

2020-02-06 14:32:44 - [TEST_CASE][PASSED] - Test Cases/Representante/InicioSesion_AccesoCorreo: Test Cases/Representante/InicioSesion_AccesoCorreo

2020-02-06 14:32:45 - [TEST_STEP][PASSED] - openBrowser(""): Browser is opened with url: ''

2020-02-06 14:32:45 - [MESSAGE][WARNING] - A browser is already opened. Closing browser and opening a new one

2020-02-06 14:32:45 - [MESSAGE][INFO] - Starting 'Chrome' driver

2020-02-06 14:32:51 - [MESSAGE][PASSED] - Browser is opened with url: ''

2020-02-06 14:32:51 - [TEST_STEP][PASSED] - navigateToUrl("https://login.microsoftonline.com/common/oauth2/authorize?client_id=00000002-0000-0ff1-ce00-000000000000&redirect_uri=https%3a%2f%2foutlook.office365.com%2fowa%2f&resource=00000002-0000-0ff1-ce00-000000000000&response_mode=form_post&response_type=code+id_token&scope=openid&msafed=0&client-request-id=90e6bfa9-e6ec-46ab-82c3-1c848ab25309&protectedtoken=true&nonce=637105585405285449.f41578f0-f800-4006-b334-7ecc8f885085&state=DcsxEoAwCAVRouNxMD8GAh5HM9Jaen0p9nVbiGjNlqwgIRvdGlRdBXqkcu4hTc0DHA6wAIPv3oXtmdPDXeFa8t3q-131Bw"): Navigate to 'https://login.microsoftonline.com/common/oauth2/authorize?client_id=00000002-0000-0ff1-ce00-000000000000&redirect_uri=https%3a%2f%2foutlook.office365.com%2fowa%2f&resource=00000002-0000-0ff1-ce00-000000000000&response_mode=form_post&response_type=code+id_token&scope=openid&msafed=0&client-request-id=90e6bfa9-e6ec-46ab-82c3-1c848ab25309&protectedtoken=true&nonce=637105585405285449.f41578f0-f800-4006-b334-7ecc8f885085&state=DcsxEoAwCAVRouNxMD8GAh5HM9Jaen0p9nVbiGjNlqwgIRvdGlRdBXqkcu4hTc0DHA6wAIPv3oXtmdPDXeFa8t3q-131Bw' successfully

2020-02-06 14:32:53 - [MESSAGE][PASSED] - Navigate to 'https://login.microsoftonline.com/common/oauth2/authorize?client_id=00000002-0000-0ff1-ce00-000000000000&redirect_uri=https%3a%2f%2foutlook.office365.com%2fowa%2f&resource=00000002-0000-0ff1-ce00-000000000000&response_mode=form_post&response_type=code+id_token&scope=openid&msafed=0&client-request-id=90e6bfa9-e6ec-46ab-82c3-1c848ab25309&protectedtoken=true&nonce=637105585405285449.f41578f0-f800-4006-b334-7ecc8f885085&state=DcsxEoAwCAVRouNxMD8GAh5HM9Jaen0p9nVbiGjNlqwgIRvdGlRdBXqkcu4hTc0DHA6wAIPv3oXtmdPDXeFa8t3q-131Bw' successfully

2020-02-06 14:32:53 - [TEST_STEP][PASSED] - setText(findTestObject("Object Repository/Representante/input_to continue to Outlook_loginfmt"), "Lgarciaa@intergrupo.com"): Text 'Lgarciaa@intergrupo.com' is set on object 'Object Repository/Representante/input_to continue to Outlook_loginfmt'

2020-02-06 14:32:54 - [MESSAGE][PASSED] - Text 'Lgarciaa@intergrupo.com' is set on object 'Object Repository/Representante/input_to continue to Outlook_loginfmt'

2020-02-06 14:32:54 - [TEST_STEP][PASSED] - click(findTestObject("Object Repository/Representante/input_to continue to Outlook_idSIButton9")): Object: 'Object Repository/Representante/input_to continue to Outlook_idSIButton9' is clicked on

2020-02-06 14:32:54 - [MESSAGE][PASSED] - Object: 'Object Repository/Representante/input_to continue to Outlook_idSIButton9' is clicked on

2020-02-06 14:32:54 - [TEST_STEP][PASSED] - setEncryptedText(findTestObject("Object Repository/Representante/input_Enter password_passwd"), "YnyZeNHKKv151x7zcIrwww=="): Text ****** has been set on object 'Object Repository/Representante/input_Enter password_passwd'

2020-02-06 14:32:55 - [MESSAGE][PASSED] - Text ****** has been set on object 'Object Repository/Representante/input_Enter password_passwd'

2020-02-06 14:32:55 - [TEST_STEP][PASSED] - click(findTestObject("Object Repository/Representante/input_to continue to Outlook_idSIButton9")): Object: 'Object Repository/Representante/input_to continue to Outlook_idSIButton9' is clicked on

2020-02-06 14:32:56 - [MESSAGE][PASSED] - Object: 'Object Repository/Representante/input_to continue to Outlook_idSIButton9' is clicked on

2020-02-06 14:32:56 - [TEST_STEP][PASSED] - click(findTestObject("Object Repository/Representante/input_concat(Don  t show this again)_idBtn_Back")): Object: 'Object Repository/Representante/input_concat(Don  t show this again)_idBtn_Back' is clicked on

2020-02-06 14:33:00 - [MESSAGE][PASSED] - Object: 'Object Repository/Representante/input_concat(Don  t show this again)_idBtn_Back' is clicked on

2020-02-06 14:33:00 - [TEST_STEP][PASSED] - maximizeWindow(STOP_ON_FAILURE): Current window maximized

2020-02-06 14:33:04 - [MESSAGE][PASSED] - Current window maximized

2020-02-06 14:33:04 - [MESSAGE][PASSED] - Call Test Case 'Test Cases/Representante/InicioSesion_AccesoCorreo' successfully

2020-02-06 14:33:04 - [TEST_STEP][PASSED] - callTestCase(findTestCase("Representante/SeleccionarCorreo_EtapaRepresentante"), [:], STOP_ON_FAILURE): Call Test Case 'Test Cases/Representante/SeleccionarCorreo_EtapaRepresentante' successfully

2020-02-06 14:33:04 - [TEST_CASE][PASSED] - Test Cases/Representante/SeleccionarCorreo_EtapaRepresentante: Test Cases/Representante/SeleccionarCorreo_EtapaRepresentante

2020-02-06 14:33:05 - [TEST_STEP][PASSED] - click(findTestObject("Representante/ContinuarFlujo/span_20200002 PRUEBA - APROBACIN REPRESENTANTE")): Object: 'Object Repository/Representante/ContinuarFlujo/span_20200002 PRUEBA - APROBACIN REPRESENTANTE' is clicked on

2020-02-06 14:33:07 - [MESSAGE][PASSED] - Object: 'Object Repository/Representante/ContinuarFlujo/span_20200002 PRUEBA - APROBACIN REPRESENTANTE' is clicked on

2020-02-06 14:33:07 - [TEST_STEP][PASSED] - click(findTestObject("Representante/a_CORRESPONDENCIA")): Object: 'Object Repository/Representante/a_CORRESPONDENCIA' is clicked on

2020-02-06 14:33:09 - [MESSAGE][PASSED] - Object: 'Object Repository/Representante/a_CORRESPONDENCIA' is clicked on

2020-02-06 14:33:09 - [MESSAGE][PASSED] - Call Test Case 'Test Cases/Representante/SeleccionarCorreo_EtapaRepresentante' successfully

2020-02-06 14:33:09 - [MESSAGE][PASSED] - Call Test Case 'Test Cases/Representante/SeleccionarCorreo_Integrado' successfully

2020-02-06 14:33:09 - [TEST_STEP][PASSED] - switchToWindowTitle("Control Correspondencia - 20200002"): Switched to window with title: 'Control Correspondencia - 20200002'

2020-02-06 14:33:14 - [MESSAGE][PASSED] - Switched to window with title: 'Control Correspondencia - 20200002'

2020-02-06 14:33:14 - [TEST_STEP][PASSED] - click(findTestObject("Representante/ContinuarFlujo/i_")): Object: 'Object Repository/Representante/ContinuarFlujo/i_' is clicked on

2020-02-06 14:33:14 - [MESSAGE][PASSED] - Object: 'Object Repository/Representante/ContinuarFlujo/i_' is clicked on

2020-02-06 14:33:14 - [TEST_STEP][PASSED] - click(findTestObject("Representante/span_9")): Object: 'Object Repository/Representante/span_9' is clicked on

2020-02-06 14:33:15 - [MESSAGE][PASSED] - Object: 'Object Repository/Representante/span_9' is clicked on

2020-02-06 14:33:15 - [TEST_STEP][PASSED] - click(findTestObject("Representante/ContinuarFlujo/i__1")): Object: 'Object Repository/Representante/ContinuarFlujo/i__1' is clicked on

2020-02-06 14:33:15 - [MESSAGE][PASSED] - Object: 'Object Repository/Representante/ContinuarFlujo/i__1' is clicked on

2020-02-06 14:33:15 - [TEST_STEP][PASSED] - setText(findTestObject("Representante/ContinuarFlujo/input_Instrucciones_instrucciones-input"), "INFORMACIÓN "): Text 'INFORMACIÓN ' is set on object 'Object Repository/Representante/ContinuarFlujo/input_Instrucciones_instrucciones-input'

2020-02-06 14:33:16 - [MESSAGE][PASSED] - Text 'INFORMACIÓN ' is set on object 'Object Repository/Representante/ContinuarFlujo/input_Instrucciones_instrucciones-input'

2020-02-06 14:33:16 - [TEST_STEP][PASSED] - setText(findTestObject("Representante/ContinuarFlujo/textarea_V"), "Actualizar"): Text 'Actualizar' is set on object 'Object Repository/Representante/ContinuarFlujo/textarea_V'

2020-02-06 14:33:17 - [MESSAGE][PASSED] - Text 'Actualizar' is set on object 'Object Repository/Representante/ContinuarFlujo/textarea_V'

2020-02-06 14:33:17 - [TEST_STEP][PASSED] - setText(findTestObject("Representante/ContinuarFlujo/input_Ejecutivo Responsable_ms-BasePicker-i_de3217"), "Laura Vanessa García Agudelo"): Text 'Laura Vanessa García Agudelo' is set on object 'Object Repository/Representante/ContinuarFlujo/input_Ejecutivo Responsable_ms-BasePicker-i_de3217'

2020-02-06 14:33:18 - [MESSAGE][PASSED] - Text 'Laura Vanessa García Agudelo' is set on object 'Object Repository/Representante/ContinuarFlujo/input_Ejecutivo Responsable_ms-BasePicker-i_de3217'

2020-02-06 14:33:18 - [TEST_STEP][PASSED] - click(findTestObject("Representante/ContinuarFlujo/div_Laura Vanessa Garca Agudelo")): Object: 'Object Repository/Representante/ContinuarFlujo/div_Laura Vanessa Garca Agudelo' is clicked on

2020-02-06 14:33:19 - [MESSAGE][PASSED] - Object: 'Object Repository/Representante/ContinuarFlujo/div_Laura Vanessa Garca Agudelo' is clicked on

2020-02-06 14:33:19 - [TEST_STEP][PASSED] - click(findTestObject("Representante/ContinuarFlujo/div_Correlativo20191058Duracin28 minuto(s)E_99e586")): Object: 'Object Repository/Representante/ContinuarFlujo/div_Correlativo20191058Duracin28 minuto(s)E_99e586' is clicked on

2020-02-06 14:33:20 - [MESSAGE][PASSED] - Object: 'Object Repository/Representante/ContinuarFlujo/div_Correlativo20191058Duracin28 minuto(s)E_99e586' is clicked on

2020-02-06 14:33:20 - [TEST_STEP][PASSED] - click(findTestObject("Representante/ContinuarFlujo/button_Completar tarea de aprobacin_Toggle25")): Object: 'Object Repository/Representante/ContinuarFlujo/button_Completar tarea de aprobacin_Toggle25' is clicked on

2020-02-06 14:33:20 - [MESSAGE][PASSED] - Object: 'Object Repository/Representante/ContinuarFlujo/button_Completar tarea de aprobacin_Toggle25' is clicked on

2020-02-06 14:33:20 - [TEST_STEP][PASSED] - click(findTestObject("Representante/ContinuarFlujo/label_Aprobar")): Object: 'Object Repository/Representante/ContinuarFlujo/label_Aprobar' is clicked on

2020-02-06 14:33:21 - [MESSAGE][PASSED] - Object: 'Object Repository/Representante/ContinuarFlujo/label_Aprobar' is clicked on

2020-02-06 14:33:21 - [TEST_STEP][PASSED] - delay(3): Delayed 3 second(s)

2020-02-06 14:33:24 - [MESSAGE][PASSED] - Delayed 3 second(s)

2020-02-06 14:33:24 - [TEST_STEP][PASSED] - click(findTestObject("Representante/ContinuarFlujo/div_Guardar")): Object: 'Object Repository/Representante/ContinuarFlujo/div_Guardar' is clicked on

2020-02-06 14:33:24 - [MESSAGE][PASSED] - Object: 'Object Repository/Representante/ContinuarFlujo/div_Guardar' is clicked on

2020-02-06 14:33:24 - [TEST_STEP][NOT_RUN] - click(findTestObject("Representante/ContinuarFlujo/button_Guardar")): NOT_RUN: click(findTestObject("Representante/ContinuarFlujo/button_Guardar"))

2020-02-06 14:33:24 - [MESSAGE][NOT_RUN] - NOT_RUN: click(findTestObject("Representante/ContinuarFlujo/button_Guardar"))

2020-02-06 14:33:24 - [TEST_STEP][PASSED] - closeBrowser(): Browser is closed

2020-02-06 14:33:25 - [MESSAGE][PASSED] - Browser is closed]]></system-out>
         <system-err><![CDATA[]]></system-err>
      </testcase>
      <system-out><![CDATA[2020-02-06 14:32:10 - [TEST_SUITE][PASSED] - FlujoCompleto: Test Cases/Representante/ControlCorrespondencia]]></system-out>
      <system-err><![CDATA[]]></system-err>
   </testsuite>
</testsuites>
