<?xml version="1.0" encoding="UTF-8"?>
<testsuites name="FlujoCompleto" time="41.23" tests="1" failures="0" errors="0">
   <testsuite name="FlujoCompleto" tests="1" failures="0" errors="0" time="41.23" timestamp="2020-02-06 16:37:43" hostname="Lgarciaa - P-Lgarciaa.intergrupo.com" id="Test Suites/Correspondencia/FlujoCompleto">
      <properties>
         <property name="deviceName" value=""/>
         <property name="devicePlatform" value=""/>
         <property name="logFolder" value="F:\\Proyectos\\CAF_FlujoCorrespondencia\\Reports\\20200206_163642\\Correspondencia\\FlujoCompleto\\20200206_163642"/>
         <property name="logFiles" value="F:\\Proyectos\\CAF_FlujoCorrespondencia\\Reports\\20200206_163642\\Correspondencia\\FlujoCompleto\\20200206_163642\\execution0.log"/>
         <property name="attachments" value=""/>
         <property name="hostName" value="Lgarciaa - P-Lgarciaa.intergrupo.com"/>
         <property name="os" value="Windows 10 64bit"/>
         <property name="katalonVersion" value="7.1.0.1"/>
         <property name="browser" value="Chrome 79.0.3945.130"/>
         <property name="hostAddress" value="10.60.6.13"/>
         <property name="sessionId" value="f2999d2717c37fa4f34b8e703630f864"/>
         <property name="seleniumVersion" value="3.141.59"/>
         <property name="proxyInformation" value="ProxyInformation{proxyOption=NO_PROXY, proxyServerType=HTTP, password=, proxyServerAddress=, proxyServerPort=-1}"/>
         <property name="platform" value="Windows 10"/>
      </properties>
      <testcase name="Test Cases/Representante/ControlCorrespondencia" time="40.981" classname="Test Cases/Representante/ControlCorrespondencia" status="PASSED">
         <system-out><![CDATA[2020-02-06 16:37:43 - [TEST_CASE][PASSED] - Test Cases/Representante/ControlCorrespondencia: Test Cases/Representante/ControlCorrespondencia

2020-02-06 16:37:44 - [TEST_STEP][PASSED] - callTestCase(findTestCase("Representante/SeleccionarCorreo_Integrado"), [:], STOP_ON_FAILURE): Call Test Case 'Test Cases/Representante/SeleccionarCorreo_Integrado' successfully

2020-02-06 16:37:44 - [TEST_CASE][PASSED] - Test Cases/Representante/SeleccionarCorreo_Integrado: Test Cases/Representante/SeleccionarCorreo_Integrado

2020-02-06 16:37:44 - [TEST_STEP][PASSED] - callTestCase(findTestCase("Representante/InicioSesion_AccesoCorreo"), [:], STOP_ON_FAILURE): Call Test Case 'Test Cases/Representante/InicioSesion_AccesoCorreo' successfully

2020-02-06 16:37:44 - [TEST_CASE][PASSED] - Test Cases/Representante/InicioSesion_AccesoCorreo: Test Cases/Representante/InicioSesion_AccesoCorreo

2020-02-06 16:37:44 - [TEST_STEP][PASSED] - openBrowser(""): Browser is opened with url: ''

2020-02-06 16:37:44 - [MESSAGE][INFO] - Starting 'Chrome' driver

2020-02-06 16:37:45 - [MESSAGE][INFO] - Action delay is set to 0 seconds

2020-02-06 16:37:52 - [MESSAGE][PASSED] - Browser is opened with url: ''

2020-02-06 16:37:52 - [TEST_STEP][PASSED] - navigateToUrl("https://login.microsoftonline.com/common/oauth2/authorize?client_id=00000002-0000-0ff1-ce00-000000000000&redirect_uri=https%3a%2f%2foutlook.office365.com%2fowa%2f&resource=00000002-0000-0ff1-ce00-000000000000&response_mode=form_post&response_type=code+id_token&scope=openid&msafed=0&client-request-id=90e6bfa9-e6ec-46ab-82c3-1c848ab25309&protectedtoken=true&nonce=637105585405285449.f41578f0-f800-4006-b334-7ecc8f885085&state=DcsxEoAwCAVRouNxMD8GAh5HM9Jaen0p9nVbiGjNlqwgIRvdGlRdBXqkcu4hTc0DHA6wAIPv3oXtmdPDXeFa8t3q-131Bw"): Navigate to 'https://login.microsoftonline.com/common/oauth2/authorize?client_id=00000002-0000-0ff1-ce00-000000000000&redirect_uri=https%3a%2f%2foutlook.office365.com%2fowa%2f&resource=00000002-0000-0ff1-ce00-000000000000&response_mode=form_post&response_type=code+id_token&scope=openid&msafed=0&client-request-id=90e6bfa9-e6ec-46ab-82c3-1c848ab25309&protectedtoken=true&nonce=637105585405285449.f41578f0-f800-4006-b334-7ecc8f885085&state=DcsxEoAwCAVRouNxMD8GAh5HM9Jaen0p9nVbiGjNlqwgIRvdGlRdBXqkcu4hTc0DHA6wAIPv3oXtmdPDXeFa8t3q-131Bw' successfully

2020-02-06 16:37:54 - [MESSAGE][PASSED] - Navigate to 'https://login.microsoftonline.com/common/oauth2/authorize?client_id=00000002-0000-0ff1-ce00-000000000000&redirect_uri=https%3a%2f%2foutlook.office365.com%2fowa%2f&resource=00000002-0000-0ff1-ce00-000000000000&response_mode=form_post&response_type=code+id_token&scope=openid&msafed=0&client-request-id=90e6bfa9-e6ec-46ab-82c3-1c848ab25309&protectedtoken=true&nonce=637105585405285449.f41578f0-f800-4006-b334-7ecc8f885085&state=DcsxEoAwCAVRouNxMD8GAh5HM9Jaen0p9nVbiGjNlqwgIRvdGlRdBXqkcu4hTc0DHA6wAIPv3oXtmdPDXeFa8t3q-131Bw' successfully

2020-02-06 16:37:54 - [TEST_STEP][PASSED] - setText(findTestObject("Object Repository/Representante/input_to continue to Outlook_loginfmt"), "Lgarciaa@intergrupo.com"): Text 'Lgarciaa@intergrupo.com' is set on object 'Object Repository/Representante/input_to continue to Outlook_loginfmt'

2020-02-06 16:37:54 - [MESSAGE][PASSED] - Text 'Lgarciaa@intergrupo.com' is set on object 'Object Repository/Representante/input_to continue to Outlook_loginfmt'

2020-02-06 16:37:54 - [TEST_STEP][PASSED] - click(findTestObject("Object Repository/Representante/input_to continue to Outlook_idSIButton9")): Object: 'Object Repository/Representante/input_to continue to Outlook_idSIButton9' is clicked on

2020-02-06 16:37:55 - [MESSAGE][PASSED] - Object: 'Object Repository/Representante/input_to continue to Outlook_idSIButton9' is clicked on

2020-02-06 16:37:55 - [TEST_STEP][PASSED] - setEncryptedText(findTestObject("Object Repository/Representante/input_Enter password_passwd"), "YnyZeNHKKv151x7zcIrwww=="): Text ****** has been set on object 'Object Repository/Representante/input_Enter password_passwd'

2020-02-06 16:37:56 - [MESSAGE][PASSED] - Text ****** has been set on object 'Object Repository/Representante/input_Enter password_passwd'

2020-02-06 16:37:56 - [TEST_STEP][PASSED] - click(findTestObject("Object Repository/Representante/input_to continue to Outlook_idSIButton9")): Object: 'Object Repository/Representante/input_to continue to Outlook_idSIButton9' is clicked on

2020-02-06 16:37:57 - [MESSAGE][PASSED] - Object: 'Object Repository/Representante/input_to continue to Outlook_idSIButton9' is clicked on

2020-02-06 16:37:57 - [TEST_STEP][PASSED] - click(findTestObject("Object Repository/Representante/input_concat(Don  t show this again)_idBtn_Back")): Object: 'Object Repository/Representante/input_concat(Don  t show this again)_idBtn_Back' is clicked on

2020-02-06 16:38:01 - [MESSAGE][PASSED] - Object: 'Object Repository/Representante/input_concat(Don  t show this again)_idBtn_Back' is clicked on

2020-02-06 16:38:01 - [TEST_STEP][PASSED] - maximizeWindow(STOP_ON_FAILURE): Current window maximized

2020-02-06 16:38:06 - [MESSAGE][PASSED] - Current window maximized

2020-02-06 16:38:06 - [MESSAGE][PASSED] - Call Test Case 'Test Cases/Representante/InicioSesion_AccesoCorreo' successfully

2020-02-06 16:38:06 - [TEST_STEP][PASSED] - callTestCase(findTestCase("Representante/SeleccionarCorreo_EtapaRepresentante"), [:], STOP_ON_FAILURE): Call Test Case 'Test Cases/Representante/SeleccionarCorreo_EtapaRepresentante' successfully

2020-02-06 16:38:06 - [TEST_CASE][PASSED] - Test Cases/Representante/SeleccionarCorreo_EtapaRepresentante: Test Cases/Representante/SeleccionarCorreo_EtapaRepresentante

2020-02-06 16:38:07 - [TEST_STEP][PASSED] - click(findTestObject("Representante/ContinuarFlujo/span_20200002 PRUEBA - APROBACIN REPRESENTANTE")): Object: 'Object Repository/Representante/ContinuarFlujo/span_20200002 PRUEBA - APROBACIN REPRESENTANTE' is clicked on

2020-02-06 16:38:08 - [MESSAGE][PASSED] - Object: 'Object Repository/Representante/ContinuarFlujo/span_20200002 PRUEBA - APROBACIN REPRESENTANTE' is clicked on

2020-02-06 16:38:08 - [TEST_STEP][PASSED] - click(findTestObject("Representante/a_CORRESPONDENCIA")): Object: 'Object Repository/Representante/a_CORRESPONDENCIA' is clicked on

2020-02-06 16:38:09 - [MESSAGE][PASSED] - Object: 'Object Repository/Representante/a_CORRESPONDENCIA' is clicked on

2020-02-06 16:38:09 - [MESSAGE][PASSED] - Call Test Case 'Test Cases/Representante/SeleccionarCorreo_EtapaRepresentante' successfully

2020-02-06 16:38:09 - [MESSAGE][PASSED] - Call Test Case 'Test Cases/Representante/SeleccionarCorreo_Integrado' successfully

2020-02-06 16:38:09 - [TEST_STEP][PASSED] - switchToWindowTitle("Control Correspondencia - 20200002"): Switched to window with title: 'Control Correspondencia - 20200002'

2020-02-06 16:38:13 - [MESSAGE][PASSED] - Switched to window with title: 'Control Correspondencia - 20200002'

2020-02-06 16:38:13 - [TEST_STEP][PASSED] - click(findTestObject("Representante/ContinuarFlujo/i_")): Object: 'Object Repository/Representante/ContinuarFlujo/i_' is clicked on

2020-02-06 16:38:13 - [MESSAGE][PASSED] - Object: 'Object Repository/Representante/ContinuarFlujo/i_' is clicked on

2020-02-06 16:38:13 - [TEST_STEP][PASSED] - click(findTestObject("Representante/span_9")): Object: 'Object Repository/Representante/span_9' is clicked on

2020-02-06 16:38:14 - [MESSAGE][PASSED] - Object: 'Object Repository/Representante/span_9' is clicked on

2020-02-06 16:38:14 - [TEST_STEP][PASSED] - click(findTestObject("Representante/ContinuarFlujo/i__1")): Object: 'Object Repository/Representante/ContinuarFlujo/i__1' is clicked on

2020-02-06 16:38:14 - [MESSAGE][PASSED] - Object: 'Object Repository/Representante/ContinuarFlujo/i__1' is clicked on

2020-02-06 16:38:14 - [TEST_STEP][PASSED] - setText(findTestObject("Representante/ContinuarFlujo/input_Instrucciones_instrucciones-input"), "INFORMACIÓN "): Text 'INFORMACIÓN ' is set on object 'Object Repository/Representante/ContinuarFlujo/input_Instrucciones_instrucciones-input'

2020-02-06 16:38:15 - [MESSAGE][PASSED] - Text 'INFORMACIÓN ' is set on object 'Object Repository/Representante/ContinuarFlujo/input_Instrucciones_instrucciones-input'

2020-02-06 16:38:15 - [TEST_STEP][PASSED] - setText(findTestObject("Representante/ContinuarFlujo/textarea_V"), "Actualizar"): Text 'Actualizar' is set on object 'Object Repository/Representante/ContinuarFlujo/textarea_V'

2020-02-06 16:38:16 - [MESSAGE][PASSED] - Text 'Actualizar' is set on object 'Object Repository/Representante/ContinuarFlujo/textarea_V'

2020-02-06 16:38:16 - [TEST_STEP][PASSED] - setText(findTestObject("Representante/ContinuarFlujo/input_Ejecutivo Responsable_ms-BasePicker-i_de3217"), "Laura Vanessa García Agudelo"): Text 'Laura Vanessa García Agudelo' is set on object 'Object Repository/Representante/ContinuarFlujo/input_Ejecutivo Responsable_ms-BasePicker-i_de3217'

2020-02-06 16:38:17 - [MESSAGE][PASSED] - Text 'Laura Vanessa García Agudelo' is set on object 'Object Repository/Representante/ContinuarFlujo/input_Ejecutivo Responsable_ms-BasePicker-i_de3217'

2020-02-06 16:38:17 - [TEST_STEP][PASSED] - click(findTestObject("Representante/ContinuarFlujo/div_Laura Vanessa Garca Agudelo")): Object: 'Object Repository/Representante/ContinuarFlujo/div_Laura Vanessa Garca Agudelo' is clicked on

2020-02-06 16:38:18 - [MESSAGE][PASSED] - Object: 'Object Repository/Representante/ContinuarFlujo/div_Laura Vanessa Garca Agudelo' is clicked on

2020-02-06 16:38:18 - [TEST_STEP][PASSED] - click(findTestObject("Representante/ContinuarFlujo/div_Correlativo20191058Duracin28 minuto(s)E_99e586")): Object: 'Object Repository/Representante/ContinuarFlujo/div_Correlativo20191058Duracin28 minuto(s)E_99e586' is clicked on

2020-02-06 16:38:19 - [MESSAGE][PASSED] - Object: 'Object Repository/Representante/ContinuarFlujo/div_Correlativo20191058Duracin28 minuto(s)E_99e586' is clicked on

2020-02-06 16:38:19 - [TEST_STEP][PASSED] - click(findTestObject("Representante/ContinuarFlujo/button_Completar tarea de aprobacin_Toggle25")): Object: 'Object Repository/Representante/ContinuarFlujo/button_Completar tarea de aprobacin_Toggle25' is clicked on

2020-02-06 16:38:19 - [MESSAGE][PASSED] - Object: 'Object Repository/Representante/ContinuarFlujo/button_Completar tarea de aprobacin_Toggle25' is clicked on

2020-02-06 16:38:19 - [TEST_STEP][PASSED] - click(findTestObject("Representante/ContinuarFlujo/label_Aprobar")): Object: 'Object Repository/Representante/ContinuarFlujo/label_Aprobar' is clicked on

2020-02-06 16:38:20 - [MESSAGE][PASSED] - Object: 'Object Repository/Representante/ContinuarFlujo/label_Aprobar' is clicked on

2020-02-06 16:38:20 - [TEST_STEP][PASSED] - delay(3): Delayed 3 second(s)

2020-02-06 16:38:23 - [MESSAGE][PASSED] - Delayed 3 second(s)

2020-02-06 16:38:23 - [TEST_STEP][NOT_RUN] - click(findTestObject("Representante/ContinuarFlujo/button_Guardar")): NOT_RUN: click(findTestObject("Representante/ContinuarFlujo/button_Guardar"))

2020-02-06 16:38:23 - [MESSAGE][NOT_RUN] - NOT_RUN: click(findTestObject("Representante/ContinuarFlujo/button_Guardar"))

2020-02-06 16:38:23 - [TEST_STEP][PASSED] - click(findTestObject("Representante/ContinuarFlujo/div_Guardar")): Object: 'Object Repository/Representante/ContinuarFlujo/div_Guardar' is clicked on

2020-02-06 16:38:23 - [MESSAGE][PASSED] - Object: 'Object Repository/Representante/ContinuarFlujo/div_Guardar' is clicked on

2020-02-06 16:38:23 - [TEST_STEP][PASSED] - closeBrowser(): Browser is closed

2020-02-06 16:38:24 - [MESSAGE][PASSED] - Browser is closed]]></system-out>
         <system-err><![CDATA[]]></system-err>
      </testcase>
      <system-out><![CDATA[2020-02-06 16:37:43 - [TEST_SUITE][PASSED] - FlujoCompleto: Test Cases/Representante/ControlCorrespondencia]]></system-out>
      <system-err><![CDATA[]]></system-err>
   </testsuite>
</testsuites>
